[debug] [2025-09-16T10:40:02.073Z] ----------------------------------------------------------------------
[debug] [2025-09-16T10:40:02.075Z] Command:       C:\Program Files\nodejs\node.exe C:\Users\KOTAPATI KISHORE\AppData\Roaming\npm\node_modules\firebase-tools\lib\bin\firebase.js init hosting
[debug] [2025-09-16T10:40:02.076Z] CLI Version:   14.16.0
[debug] [2025-09-16T10:40:02.076Z] Platform:      win32
[debug] [2025-09-16T10:40:02.076Z] Node Version:  v20.16.0
[debug] [2025-09-16T10:40:02.076Z] Time:          Tue Sep 16 2025 16:10:02 GMT+0530 (India Standard Time)
[debug] [2025-09-16T10:40:02.076Z] ----------------------------------------------------------------------
[debug] 
[debug] [2025-09-16T10:40:02.078Z] >>> [apiv2][query] GET https://firebase-public.firebaseio.com/cli.json [none]
[debug] [2025-09-16T10:40:02.307Z] Object "" in "firebase.json" has unknown property: {"additionalProperty":"flutter"}
[debug] [2025-09-16T10:40:02.313Z] > command requires scopes: ["email","openid","https://www.googleapis.com/auth/cloudplatformprojects.readonly","https://www.googleapis.com/auth/firebase","https://www.googleapis.com/auth/cloud-platform"]
[debug] [2025-09-16T10:40:02.314Z] > authorizing via signed-in user (kishorekotapati01@gmail.com)
[debug] [2025-09-16T10:40:02.314Z] Object "" in "firebase.json" has unknown property: {"additionalProperty":"flutter"}
[info] 
     ######## #### ########  ######## ########     ###     ######  ########
     ##        ##  ##     ## ##       ##     ##  ##   ##  ##       ##
     ######    ##  ########  ######   ########  #########  ######  ######
     ##        ##  ##    ##  ##       ##     ## ##     ##       ## ##
     ##       #### ##     ## ######## ########  ##     ##  ######  ########

You're about to initialize a Firebase project in this directory:

  G:\project-genai\%M_flutter_copy_update

Before we get started, keep in mind:

  * You are initializing within an existing Firebase project directory

[debug] [2025-09-16T10:40:03.315Z] <<< [apiv2][status] GET https://firebase-public.firebaseio.com/cli.json 200
[debug] [2025-09-16T10:40:03.315Z] <<< [apiv2][body] GET https://firebase-public.firebaseio.com/cli.json {"cloudBuildErrorAfter":1594252800000,"cloudBuildWarnAfter":1590019200000,"defaultNode10After":1594252800000,"minVersion":"3.0.5","node8DeploysDisabledAfter":1613390400000,"node8RuntimeDisabledAfter":1615809600000,"node8WarnAfter":1600128000000}
[info] 
=== Project Setup
[info] 
[info] First, let's associate this project directory with a Firebase project.
[info] You can create multiple project aliases by running firebase use --add, 
[info] but for now we'll just set up a default project.
[info] 
[debug] [2025-09-16T10:40:26.983Z] Checked if tokens are valid: false, expires at: 1756165620006
[debug] [2025-09-16T10:40:26.983Z] Checked if tokens are valid: false, expires at: 1756165620006
[debug] [2025-09-16T10:40:26.983Z] > refreshing access token with scopes: []
[debug] [2025-09-16T10:40:26.984Z] >>> [apiv2][query] POST https://www.googleapis.com/oauth2/v3/token [none]
[debug] [2025-09-16T10:40:26.984Z] >>> [apiv2][body] POST https://www.googleapis.com/oauth2/v3/token [omitted]
[debug] [2025-09-16T10:40:28.361Z] <<< [apiv2][status] POST https://www.googleapis.com/oauth2/v3/token 200
[debug] [2025-09-16T10:40:28.361Z] <<< [apiv2][body] POST https://www.googleapis.com/oauth2/v3/token [omitted]
[debug] [2025-09-16T10:40:28.368Z] >>> [apiv2][query] GET https://firebase.googleapis.com/v1beta1/projects pageSize=100
[debug] [2025-09-16T10:40:29.614Z] <<< [apiv2][status] GET https://firebase.googleapis.com/v1beta1/projects 200
[debug] [2025-09-16T10:40:29.614Z] <<< [apiv2][body] GET https://firebase.googleapis.com/v1beta1/projects [omitted]
[info] i  Using project moodmatch-ea4c7 (moodmatch) 
[info] 
=== Hosting Setup
[debug] [2025-09-16T10:40:57.094Z] Checked if tokens are valid: true, expires at: 1758022827361
[debug] [2025-09-16T10:40:57.094Z] Checked if tokens are valid: true, expires at: 1758022827361
[debug] [2025-09-16T10:40:57.094Z] >>> [apiv2][query] GET https://firebase.googleapis.com/v1beta1/projects/moodmatch-ea4c7 [none]
[debug] [2025-09-16T10:40:58.015Z] <<< [apiv2][status] GET https://firebase.googleapis.com/v1beta1/projects/moodmatch-ea4c7 200
[debug] [2025-09-16T10:40:58.015Z] <<< [apiv2][body] GET https://firebase.googleapis.com/v1beta1/projects/moodmatch-ea4c7 {"projectId":"moodmatch-ea4c7","projectNumber":"429012706798","displayName":"moodmatch","name":"projects/moodmatch-ea4c7","resources":{"hostingSite":"moodmatch-ea4c7"},"state":"ACTIVE","etag":"1_346ec76f-5992-495b-aea1-0a4d053527d8"}
[info] 
[info] Your public directory is the folder (relative to your project directory) that
[info] will contain Hosting assets to be uploaded with firebase deploy. If you
[info] have a build process for your assets, use your build's output directory.
[info] 
[info] +  Wrote y/404.html 
[debug] [2025-09-16T10:41:24.915Z] >>> [apiv2][query] GET https://www.gstatic.com/firebasejs/releases.json [none]
[debug] [2025-09-16T10:41:25.399Z] <<< [apiv2][status] GET https://www.gstatic.com/firebasejs/releases.json 200
[debug] [2025-09-16T10:41:25.400Z] <<< [apiv2][body] GET https://www.gstatic.com/firebasejs/releases.json {"current":{"version":"12.2.1","browserURL":"https://www.gstatic.com/firebasejs/12.2.1/firebase.js","packageURL":"https://www.gstatic.com/firebasejs/12.2.1/firebase.tgz"},"live":{"version":"12.2","browserURL":"https://www.gstatic.com/firebasejs/live/12.2/firebase.js","packageURL":"https://www.gstatic.com/firebasejs/live/12.2/firebase.tgz"},"components":{"ai":"https://www.gstatic.com/firebasejs/12.2.1/firebase-ai.js","analytics":"https://www.gstatic.com/firebasejs/12.2.1/firebase-analytics.js","app":"https://www.gstatic.com/firebasejs/12.2.1/firebase-app.js","app-check":"https://www.gstatic.com/firebasejs/12.2.1/firebase-app-check.js","auth":"https://www.gstatic.com/firebasejs/12.2.1/firebase-auth.js","auth/cordova":"https://www.gstatic.com/firebasejs/12.2.1/firebase-auth/cordova.js","auth/web-extension":"https://www.gstatic.com/firebasejs/12.2.1/firebase-auth/web-extension.js","functions":"https://www.gstatic.com/firebasejs/12.2.1/firebase-functions.js","firestore":"https://www.gstatic.com/firebasejs/12.2.1/firebase-firestore.js","firestore/lite":"https://www.gstatic.com/firebasejs/12.2.1/firebase-firestore/lite.js","installations":"https://www.gstatic.com/firebasejs/12.2.1/firebase-installations.js","storage":"https://www.gstatic.com/firebasejs/12.2.1/firebase-storage.js","performance":"https://www.gstatic.com/firebasejs/12.2.1/firebase-performance.js","remote-config":"https://www.gstatic.com/firebasejs/12.2.1/firebase-remote-config.js","messaging":"https://www.gstatic.com/firebasejs/12.2.1/firebase-messaging.js","messaging/sw":"https://www.gstatic.com/firebasejs/12.2.1/firebase-messaging/sw.js","database":"https://www.gstatic.com/firebasejs/12.2.1/firebase-database.js","data-connect":"https://www.gstatic.com/firebasejs/12.2.1/firebase-data-connect.js","firestore.memory":"https://www.gstatic.com/firebasejs/12.2.1/firebase-firestore.memory.js"}}
[info] +  Wrote y/index.html 
[info] 
[info] i  Didn't detect a .git folder. Assuming G:\project-genai\%M_flutter_copy_update is the project root. 
[info] i  Authorizing with GitHub to upload your service account to a GitHub repository's secrets store. 
[info] 
[info] Visit this URL on this device to log in:
[info] https://github.com/login/oauth/authorize?client_id=89cf50f02ac6aaed3484&state=1006411226&redirect_uri=http%3A%2F%2Flocalhost%3A9005&scope=read%3Auser%20repo%20public_repo
[info] 
[info] Waiting for authentication...
[debug] [2025-09-16T10:41:31.709Z] >>> [apiv2][query] POST https://github.com/login/oauth/access_token [none]
[debug] [2025-09-16T10:41:31.709Z] >>> [apiv2][body] POST https://github.com/login/oauth/access_token [stream]
[debug] [2025-09-16T10:41:32.421Z] <<< [apiv2][status] POST https://github.com/login/oauth/access_token 200
[debug] [2025-09-16T10:41:32.422Z] <<< [apiv2][body] POST https://github.com/login/oauth/access_token {"access_token":"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","token_type":"bearer","scope":"read:user,repo"}
[debug] [2025-09-16T10:41:32.427Z] >>> [apiv2][query] GET https://api.github.com/user [none]
[debug] [2025-09-16T10:41:33.139Z] <<< [apiv2][status] GET https://api.github.com/user 200
[debug] [2025-09-16T10:41:33.139Z] <<< [apiv2][body] GET https://api.github.com/user {"login":"Kishore-Kotapati","id":192234804,"node_id":"U_kgDOC3VFNA","avatar_url":"https://avatars.githubusercontent.com/u/192234804?v=4","gravatar_id":"","url":"https://api.github.com/users/Kishore-Kotapati","html_url":"https://github.com/Kishore-Kotapati","followers_url":"https://api.github.com/users/Kishore-Kotapati/followers","following_url":"https://api.github.com/users/Kishore-Kotapati/following{/other_user}","gists_url":"https://api.github.com/users/Kishore-Kotapati/gists{/gist_id}","starred_url":"https://api.github.com/users/Kishore-Kotapati/starred{/owner}{/repo}","subscriptions_url":"https://api.github.com/users/Kishore-Kotapati/subscriptions","organizations_url":"https://api.github.com/users/Kishore-Kotapati/orgs","repos_url":"https://api.github.com/users/Kishore-Kotapati/repos","events_url":"https://api.github.com/users/Kishore-Kotapati/events{/privacy}","received_events_url":"https://api.github.com/users/Kishore-Kotapati/received_events","type":"User","user_view_type":"private","site_admin":false,"name":null,"company":null,"blog":"","location":null,"email":null,"hireable":null,"bio":null,"twitter_username":null,"notification_email":null,"public_repos":10,"public_gists":0,"followers":1,"following":1,"created_at":"2024-12-19T15:08:36Z","updated_at":"2025-09-15T20:55:23Z","private_gists":0,"total_private_repos":0,"owned_private_repos":0,"disk_usage":4185,"collaborators":0,"two_factor_authentication":false,"plan":{"name":"free","space":976562499,"collaborators":0,"private_repos":10000}}
[info] 
[info] +  Success! Logged into GitHub as Kishore-Kotapati 
[info] 
[debug] [2025-09-16T10:41:50.875Z] >>> [apiv2][query] GET https://api.github.com/repos/y/actions/secrets/public-key type=owner
[debug] [2025-09-16T10:41:51.710Z] <<< [apiv2][status] GET https://api.github.com/repos/y/actions/secrets/public-key 404
[debug] [2025-09-16T10:41:51.710Z] <<< [apiv2][body] GET https://api.github.com/repos/y/actions/secrets/public-key {"message":"Not Found","documentation_url":"https://docs.github.com/rest","status":"404"}
[info] 
[info] 
[error] !  The provided authorization cannot be used with this repository. If this repository is in an organization, did you remember to grant access? 
[info] 
[info] i  Action required: Visit this URL to ensure access has been granted to the appropriate organization(s) for the Firebase CLI GitHub OAuth App: 
[info] https://github.com/settings/connections/applications/89cf50f02ac6aaed3484
[info] 
[debug] [2025-09-16T10:44:51.558Z] ----------------------------------------------------------------------
[debug] [2025-09-16T10:44:51.561Z] Command:       C:\Program Files\nodejs\node.exe C:\Users\KOTAPATI KISHORE\AppData\Roaming\npm\node_modules\firebase-tools\lib\bin\firebase.js init hosting
[debug] [2025-09-16T10:44:51.561Z] CLI Version:   14.16.0
[debug] [2025-09-16T10:44:51.561Z] Platform:      win32
[debug] [2025-09-16T10:44:51.561Z] Node Version:  v20.16.0
[debug] [2025-09-16T10:44:51.561Z] Time:          Tue Sep 16 2025 16:14:51 GMT+0530 (India Standard Time)
[debug] [2025-09-16T10:44:51.561Z] ----------------------------------------------------------------------
[debug] 
[debug] [2025-09-16T10:44:51.754Z] Object "" in "firebase.json" has unknown property: {"additionalProperty":"flutter"}
[debug] [2025-09-16T10:44:51.757Z] > command requires scopes: ["email","openid","https://www.googleapis.com/auth/cloudplatformprojects.readonly","https://www.googleapis.com/auth/firebase","https://www.googleapis.com/auth/cloud-platform"]
[debug] [2025-09-16T10:44:51.758Z] > authorizing via signed-in user (kishorekotapati01@gmail.com)
[debug] [2025-09-16T10:44:51.758Z] Object "" in "firebase.json" has unknown property: {"additionalProperty":"flutter"}
[info] 
     ######## #### ########  ######## ########     ###     ######  ########
     ##        ##  ##     ## ##       ##     ##  ##   ##  ##       ##
     ######    ##  ########  ######   ########  #########  ######  ######
     ##        ##  ##    ##  ##       ##     ## ##     ##       ## ##
     ##       #### ##     ## ######## ########  ##     ##  ######  ########

You're about to initialize a Firebase project in this directory:

  G:\project-genai\%M_flutter_copy_update

Before we get started, keep in mind:

  * You are initializing within an existing Firebase project directory

[info] 
=== Project Setup
[info] 
[info] First, let's associate this project directory with a Firebase project.
[info] You can create multiple project aliases by running firebase use --add, 
[info] but for now we'll just set up a default project.
[info] 
[debug] [2025-09-16T10:44:55.370Z] Using project from CLI flag: moodmatch-ea4c7
[debug] [2025-09-16T10:44:55.371Z] Checked if tokens are valid: true, expires at: 1758022827361
[debug] [2025-09-16T10:44:55.371Z] Checked if tokens are valid: true, expires at: 1758022827361
[debug] [2025-09-16T10:44:55.372Z] >>> [apiv2][query] GET https://firebase.googleapis.com/v1beta1/projects/moodmatch-ea4c7 [none]
[debug] [2025-09-16T10:44:56.341Z] <<< [apiv2][status] GET https://firebase.googleapis.com/v1beta1/projects/moodmatch-ea4c7 200
[debug] [2025-09-16T10:44:56.341Z] <<< [apiv2][body] GET https://firebase.googleapis.com/v1beta1/projects/moodmatch-ea4c7 {"projectId":"moodmatch-ea4c7","projectNumber":"429012706798","displayName":"moodmatch","name":"projects/moodmatch-ea4c7","resources":{"hostingSite":"moodmatch-ea4c7"},"state":"ACTIVE","etag":"1_346ec76f-5992-495b-aea1-0a4d053527d8"}
[info] i  Using project moodmatch-ea4c7 (moodmatch) 
[info] 
=== Hosting Setup
[debug] [2025-09-16T10:44:56.900Z] Checked if tokens are valid: true, expires at: 1758022827361
[debug] [2025-09-16T10:44:56.900Z] Checked if tokens are valid: true, expires at: 1758022827361
[debug] [2025-09-16T10:44:56.901Z] >>> [apiv2][query] GET https://firebase.googleapis.com/v1beta1/projects/moodmatch-ea4c7 [none]
[debug] [2025-09-16T10:44:57.370Z] <<< [apiv2][status] GET https://firebase.googleapis.com/v1beta1/projects/moodmatch-ea4c7 200
[debug] [2025-09-16T10:44:57.370Z] <<< [apiv2][body] GET https://firebase.googleapis.com/v1beta1/projects/moodmatch-ea4c7 {"projectId":"moodmatch-ea4c7","projectNumber":"429012706798","displayName":"moodmatch","name":"projects/moodmatch-ea4c7","resources":{"hostingSite":"moodmatch-ea4c7"},"state":"ACTIVE","etag":"1_346ec76f-5992-495b-aea1-0a4d053527d8"}
[info] 
[info] Your public directory is the folder (relative to your project directory) that
[info] will contain Hosting assets to be uploaded with firebase deploy. If you
[info] have a build process for your assets, use your build's output directory.
[info] 
[debug] [2025-09-16T10:45:15.327Z] >>> [apiv2][query] GET https://www.gstatic.com/firebasejs/releases.json [none]
[debug] [2025-09-16T10:45:15.794Z] <<< [apiv2][status] GET https://www.gstatic.com/firebasejs/releases.json 200
[debug] [2025-09-16T10:45:15.794Z] <<< [apiv2][body] GET https://www.gstatic.com/firebasejs/releases.json {"current":{"version":"12.2.1","browserURL":"https://www.gstatic.com/firebasejs/12.2.1/firebase.js","packageURL":"https://www.gstatic.com/firebasejs/12.2.1/firebase.tgz"},"live":{"version":"12.2","browserURL":"https://www.gstatic.com/firebasejs/live/12.2/firebase.js","packageURL":"https://www.gstatic.com/firebasejs/live/12.2/firebase.tgz"},"components":{"ai":"https://www.gstatic.com/firebasejs/12.2.1/firebase-ai.js","analytics":"https://www.gstatic.com/firebasejs/12.2.1/firebase-analytics.js","app":"https://www.gstatic.com/firebasejs/12.2.1/firebase-app.js","app-check":"https://www.gstatic.com/firebasejs/12.2.1/firebase-app-check.js","auth":"https://www.gstatic.com/firebasejs/12.2.1/firebase-auth.js","auth/cordova":"https://www.gstatic.com/firebasejs/12.2.1/firebase-auth/cordova.js","auth/web-extension":"https://www.gstatic.com/firebasejs/12.2.1/firebase-auth/web-extension.js","functions":"https://www.gstatic.com/firebasejs/12.2.1/firebase-functions.js","firestore":"https://www.gstatic.com/firebasejs/12.2.1/firebase-firestore.js","firestore/lite":"https://www.gstatic.com/firebasejs/12.2.1/firebase-firestore/lite.js","installations":"https://www.gstatic.com/firebasejs/12.2.1/firebase-installations.js","storage":"https://www.gstatic.com/firebasejs/12.2.1/firebase-storage.js","performance":"https://www.gstatic.com/firebasejs/12.2.1/firebase-performance.js","remote-config":"https://www.gstatic.com/firebasejs/12.2.1/firebase-remote-config.js","messaging":"https://www.gstatic.com/firebasejs/12.2.1/firebase-messaging.js","messaging/sw":"https://www.gstatic.com/firebasejs/12.2.1/firebase-messaging/sw.js","database":"https://www.gstatic.com/firebasejs/12.2.1/firebase-database.js","data-connect":"https://www.gstatic.com/firebasejs/12.2.1/firebase-data-connect.js","firestore.memory":"https://www.gstatic.com/firebasejs/12.2.1/firebase-firestore.memory.js"}}
[info] i  y/index.html is unchanged 
[info] 
[info] i  Didn't detect a .git folder. Assuming G:\project-genai\%M_flutter_copy_update is the project root. 
[info] i  Authorizing with GitHub to upload your service account to a GitHub repository's secrets store. 
[info] 
[info] Visit this URL on this device to log in:
[info] https://github.com/login/oauth/authorize?client_id=89cf50f02ac6aaed3484&state=438688529&redirect_uri=http%3A%2F%2Flocalhost%3A9005&scope=read%3Auser%20repo%20public_repo
[info] 
[info] Waiting for authentication...
[debug] [2025-09-16T10:45:16.754Z] >>> [apiv2][query] POST https://github.com/login/oauth/access_token [none]
[debug] [2025-09-16T10:45:16.754Z] >>> [apiv2][body] POST https://github.com/login/oauth/access_token [stream]
[debug] [2025-09-16T10:45:17.744Z] <<< [apiv2][status] POST https://github.com/login/oauth/access_token 200
[debug] [2025-09-16T10:45:17.744Z] <<< [apiv2][body] POST https://github.com/login/oauth/access_token {"access_token":"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","token_type":"bearer","scope":"read:user,repo"}
[debug] [2025-09-16T10:45:17.748Z] >>> [apiv2][query] GET https://api.github.com/user [none]
[debug] [2025-09-16T10:45:18.617Z] <<< [apiv2][status] GET https://api.github.com/user 200
[debug] [2025-09-16T10:45:18.617Z] <<< [apiv2][body] GET https://api.github.com/user {"login":"Kishore-Kotapati","id":192234804,"node_id":"U_kgDOC3VFNA","avatar_url":"https://avatars.githubusercontent.com/u/192234804?v=4","gravatar_id":"","url":"https://api.github.com/users/Kishore-Kotapati","html_url":"https://github.com/Kishore-Kotapati","followers_url":"https://api.github.com/users/Kishore-Kotapati/followers","following_url":"https://api.github.com/users/Kishore-Kotapati/following{/other_user}","gists_url":"https://api.github.com/users/Kishore-Kotapati/gists{/gist_id}","starred_url":"https://api.github.com/users/Kishore-Kotapati/starred{/owner}{/repo}","subscriptions_url":"https://api.github.com/users/Kishore-Kotapati/subscriptions","organizations_url":"https://api.github.com/users/Kishore-Kotapati/orgs","repos_url":"https://api.github.com/users/Kishore-Kotapati/repos","events_url":"https://api.github.com/users/Kishore-Kotapati/events{/privacy}","received_events_url":"https://api.github.com/users/Kishore-Kotapati/received_events","type":"User","user_view_type":"private","site_admin":false,"name":null,"company":null,"blog":"","location":null,"email":null,"hireable":null,"bio":null,"twitter_username":null,"notification_email":null,"public_repos":10,"public_gists":0,"followers":1,"following":1,"created_at":"2024-12-19T15:08:36Z","updated_at":"2025-09-15T20:55:23Z","private_gists":0,"total_private_repos":0,"owned_private_repos":0,"disk_usage":4185,"collaborators":0,"two_factor_authentication":false,"plan":{"name":"free","space":976562499,"collaborators":0,"private_repos":10000}}
[info] 
[info] +  Success! Logged into GitHub as Kishore-Kotapati 
[info] 
[debug] [2025-09-16T10:50:02.600Z] ----------------------------------------------------------------------
[debug] [2025-09-16T10:50:02.602Z] Command:       C:\Program Files\nodejs\node.exe C:\Users\KOTAPATI KISHORE\AppData\Roaming\npm\node_modules\firebase-tools\lib\bin\firebase.js deploy
[debug] [2025-09-16T10:50:02.603Z] CLI Version:   14.16.0
[debug] [2025-09-16T10:50:02.603Z] Platform:      win32
[debug] [2025-09-16T10:50:02.603Z] Node Version:  v20.16.0
[debug] [2025-09-16T10:50:02.603Z] Time:          Tue Sep 16 2025 16:20:02 GMT+0530 (India Standard Time)
[debug] [2025-09-16T10:50:02.603Z] ----------------------------------------------------------------------
[debug] 
[debug] [2025-09-16T10:50:02.791Z] Object "" in "firebase.json" has unknown property: {"additionalProperty":"flutter"}
[debug] [2025-09-16T10:50:07.842Z] Error: Timed out.
    at Timeout._onTimeout (C:\Users\KOTAPATI KISHORE\AppData\Roaming\npm\node_modules\firebase-tools\lib\utils.js:275:49)
    at listOnTimeout (node:internal/timers:581:17)
    at process.processTimers (node:internal/timers:519:7)
[error] 
[error] Error: An unexpected error has occurred.
