2025-09-16 18:27:09 +05:30: 🌟 MoodSync Server running on port 3000
2025-09-16 18:27:09 +05:30: 🔗 Server URL: http://localhost:3000
2025-09-16 18:27:09 +05:30: 📡 Available endpoints:
2025-09-16 18:27:09 +05:30:    - GET  /health
2025-09-16 18:27:09 +05:30:    - POST /register
2025-09-16 18:27:09 +05:30:    - POST /login
2025-09-16 18:27:09 +05:30:    - GET  /users (debug)
2025-09-16 18:27:09 +05:30: 🤖 AI Features: Mood Detection, Emotional Support, Real-time Chat
2025-09-16 18:27:09 +05:30: 🚀 Ready to help users on their emotional wellness journey!
2025-09-16 18:38:08 +05:30: 🌟 MoodSync Server running on port 3000
2025-09-16 18:38:08 +05:30: 🔗 Server URL: http://localhost:3000
2025-09-16 18:38:08 +05:30: 📡 Available endpoints:
2025-09-16 18:38:08 +05:30:    - GET  /health
2025-09-16 18:38:08 +05:30:    - POST /register
2025-09-16 18:38:08 +05:30:    - POST /login
2025-09-16 18:38:08 +05:30:    - GET  /users (debug)
2025-09-16 18:38:08 +05:30: 🤖 AI Features: Mood Detection, Emotional Support, Real-time Chat
2025-09-16 18:38:08 +05:30: 🚀 Ready to help users on their emotional wellness journey!
2025-09-16 21:00:30 +05:30: 🌟 MoodSync Server running on port 3000
2025-09-16 21:00:30 +05:30: 🔗 Server URL: http://localhost:3000
2025-09-16 21:00:30 +05:30: 📡 Available endpoints:
2025-09-16 21:00:30 +05:30:    - GET  /health
2025-09-16 21:00:30 +05:30:    - POST /register
2025-09-16 21:00:30 +05:30:    - POST /login
2025-09-16 21:00:30 +05:30:    - GET  /users (debug)
2025-09-16 21:00:30 +05:30: 🤖 AI Features: Mood Detection, Emotional Support, Real-time Chat
2025-09-16 21:00:30 +05:30: 🚀 Ready to help users on their emotional wellness journey!
